=================================
Timestamp: Tue 10 Mar 2026 07:06:59 PM IST
CPU_LOAD= 1.29
MEM_USED=10552704
DISK_USED=23%
PROCESS_COUNT=576

=================================
Timestamp: Tue 10 Mar 2026 07:07:29 PM IST
CPU_LOAD= 1.17
MEM_USED=10583904
DISK_USED=23%
PROCESS_COUNT=576

=================================
Timestamp: Tue 10 Mar 2026 07:07:59 PM IST
CPU_LOAD= 1.22
MEM_USED=10574864
DISK_USED=23%
PROCESS_COUNT=576

=================================
Timestamp: Tue 10 Mar 2026 07:08:29 PM IST
CPU_LOAD= 1.26
MEM_USED=10583692
DISK_USED=23%
PROCESS_COUNT=576

=================================
Timestamp: Tue 10 Mar 2026 07:08:29 PM IST
CPU_LOAD= 1.26
MEM_USED=10582764
DISK_USED=23%
PROCESS_COUNT=578

=================================
Timestamp: Tue 10 Mar 2026 07:08:59 PM IST
CPU_LOAD= 1.92
MEM_USED=10573120
DISK_USED=23%
PROCESS_COUNT=579

=================================
Timestamp: Tue 10 Mar 2026 07:09:29 PM IST
CPU_LOAD= 1.64
MEM_USED=10592992
DISK_USED=23%
PROCESS_COUNT=574

=================================
Timestamp: Tue 10 Mar 2026 07:09:59 PM IST
CPU_LOAD= 1.60
MEM_USED=10137484
DISK_USED=23%
PROCESS_COUNT=577

=================================
Timestamp: Tue 10 Mar 2026 07:10:29 PM IST
CPU_LOAD= 1.82
MEM_USED=10505344
DISK_USED=23%
PROCESS_COUNT=582

=================================
Timestamp: Tue 10 Mar 2026 07:10:59 PM IST
CPU_LOAD= 1.50
MEM_USED=10416264
DISK_USED=23%
PROCESS_COUNT=583

=================================
Timestamp: Tue 10 Mar 2026 07:11:29 PM IST
CPU_LOAD= 1.36
MEM_USED=10400000
DISK_USED=23%
PROCESS_COUNT=581

=================================
Timestamp: Tue 10 Mar 2026 07:11:59 PM IST
CPU_LOAD= 1.22
MEM_USED=10495036
DISK_USED=23%
PROCESS_COUNT=582

=================================
Timestamp: Tue 10 Mar 2026 07:12:29 PM IST
CPU_LOAD= 1.32
MEM_USED=10392908
DISK_USED=23%
PROCESS_COUNT=584

=================================
Timestamp: Tue 10 Mar 2026 07:12:59 PM IST
CPU_LOAD= 1.19
MEM_USED=10349680
DISK_USED=23%
PROCESS_COUNT=584

=================================
Timestamp: Tue 10 Mar 2026 07:13:29 PM IST
CPU_LOAD= 1.23
MEM_USED=10357188
DISK_USED=23%
PROCESS_COUNT=584

=================================
Timestamp: Tue 10 Mar 2026 07:13:59 PM IST
CPU_LOAD= 1.36
MEM_USED=10447884
DISK_USED=23%
PROCESS_COUNT=584

=================================
Timestamp: Tue 10 Mar 2026 07:14:29 PM IST
CPU_LOAD= 1.74
MEM_USED=9937608
DISK_USED=23%
PROCESS_COUNT=582

=================================
Timestamp: Tue 10 Mar 2026 07:14:59 PM IST
CPU_LOAD= 1.87
MEM_USED=9910640
DISK_USED=23%
PROCESS_COUNT=579

=================================
Timestamp: Tue 10 Mar 2026 07:15:29 PM IST
CPU_LOAD= 1.76
MEM_USED=9824552
DISK_USED=23%
PROCESS_COUNT=580

=================================
Timestamp: Tue 10 Mar 2026 07:15:59 PM IST
CPU_LOAD= 1.77
MEM_USED=9831212
DISK_USED=23%
PROCESS_COUNT=573

